This file contains any messages produced by compilers while
running configure, to aid debugging if configure makes a mistake.

It was created by trisurf_ng configure 1.0, which was
generated by GNU Autoconf 2.69.  Invocation command line was

  $ ./configure 

## --------- ##
## Platform. ##
## --------- ##

hostname = DESKTOP-QFMID6V
uname -m = x86_64
uname -r = 4.19.128-microsoft-standard
uname -s = Linux
uname -v = #1 SMP Tue Jun 23 12:58:10 UTC 2020

/usr/bin/uname -p = x86_64
/bin/uname -X     = unknown

/bin/arch              = x86_64
/usr/bin/arch -k       = unknown
/usr/convex/getsysinfo = unknown
/usr/bin/hostinfo      = unknown
/bin/machine           = unknown
/usr/bin/oslevel       = unknown
/bin/universe          = unknown

PATH: /home/yoav/.cargo/bin
PATH: /home/yoav/anaconda3/bin
PATH: /home/yoav/anaconda3/condabin
PATH: /usr/local/sbin
PATH: /usr/local/bin
PATH: /usr/sbin
PATH: /usr/bin
PATH: /sbin
PATH: /bin
PATH: /usr/games
PATH: /usr/local/games
PATH: /mnt/c/Windows/system32
PATH: /mnt/c/Windows
PATH: /mnt/c/Windows/System32/Wbem
PATH: /mnt/c/Windows/System32/WindowsPowerShell/v1.0
PATH: /mnt/c/Windows/System32/OpenSSH
PATH: /mnt/c/Program Files/MiKTeX/miktex/bin/x64
PATH: /mnt/c/Program Files (x86)/LyX 2.3/Perl/bin
PATH: /mnt/c/PROGRA~1/MATLAB/R2020b/bin
PATH: /mnt/c/Program Files/MATLAB/R2020b/bin
PATH: /mnt/c/Users/yoavr/AppData/Local/Microsoft/WindowsApps
PATH: /mnt/c/Users/yoavr/AppData/Local/Programs/Microsoft VS Code/bin
PATH: /snap/bin


## ----------- ##
## Core tests. ##
## ----------- ##

configure:2291: checking for a BSD-compatible install
configure:2359: result: /usr/bin/install -c
configure:2370: checking whether build environment is sane
configure:2425: result: yes
configure:2574: checking for a thread-safe mkdir -p
configure:2613: result: /usr/bin/mkdir -p
configure:2620: checking for gawk
configure:2636: found /usr/bin/gawk
configure:2647: result: gawk
configure:2658: checking whether make sets $(MAKE)
configure:2680: result: yes
configure:2709: checking whether make supports nested variables
configure:2726: result: yes
configure:2901: checking for gcc
configure:2917: found /usr/bin/gcc
configure:2928: result: gcc
configure:3157: checking for C compiler version
configure:3166: gcc --version >&5
gcc (Ubuntu 9.3.0-17ubuntu1~20.04) 9.3.0
Copyright (C) 2019 Free Software Foundation, Inc.
This is free software; see the source for copying conditions.  There is NO
warranty; not even for MERCHANTABILITY or FITNESS FOR A PARTICULAR PURPOSE.

configure:3177: $? = 0
configure:3166: gcc -v >&5
Using built-in specs.
COLLECT_GCC=gcc
COLLECT_LTO_WRAPPER=/usr/lib/gcc/x86_64-linux-gnu/9/lto-wrapper
OFFLOAD_TARGET_NAMES=nvptx-none:hsa
OFFLOAD_TARGET_DEFAULT=1
Target: x86_64-linux-gnu
Configured with: ../src/configure -v --with-pkgversion='Ubuntu 9.3.0-17ubuntu1~20.04' --with-bugurl=file:///usr/share/doc/gcc-9/README.Bugs --enable-languages=c,ada,c++,go,brig,d,fortran,objc,obj-c++,gm2 --prefix=/usr --with-gcc-major-version-only --program-suffix=-9 --program-prefix=x86_64-linux-gnu- --enable-shared --enable-linker-build-id --libexecdir=/usr/lib --without-included-gettext --enable-threads=posix --libdir=/usr/lib --enable-nls --enable-clocale=gnu --enable-libstdcxx-debug --enable-libstdcxx-time=yes --with-default-libstdcxx-abi=new --enable-gnu-unique-object --disable-vtable-verify --enable-plugin --enable-default-pie --with-system-zlib --with-target-system-zlib=auto --enable-objc-gc=auto --enable-multiarch --disable-werror --with-arch-32=i686 --with-abi=m64 --with-multilib-list=m32,m64,mx32 --enable-multilib --with-tune=generic --enable-offload-targets=nvptx-none=/build/gcc-9-HskZEa/gcc-9-9.3.0/debian/tmp-nvptx/usr,hsa --without-cuda-driver --enable-checking=release --build=x86_64-linux-gnu --host=x86_64-linux-gnu --target=x86_64-linux-gnu
Thread model: posix
gcc version 9.3.0 (Ubuntu 9.3.0-17ubuntu1~20.04) 
configure:3177: $? = 0
configure:3166: gcc -V >&5
gcc: error: unrecognized command line option '-V'
gcc: fatal error: no input files
compilation terminated.
configure:3177: $? = 1
configure:3166: gcc -qversion >&5
gcc: error: unrecognized command line option '-qversion'; did you mean '--version'?
gcc: fatal error: no input files
compilation terminated.
configure:3177: $? = 1
configure:3197: checking whether the C compiler works
configure:3219: gcc    conftest.c  >&5
configure:3223: $? = 0
configure:3271: result: yes
configure:3274: checking for C compiler default output file name
configure:3276: result: a.out
configure:3282: checking for suffix of executables
configure:3289: gcc -o conftest    conftest.c  >&5
configure:3293: $? = 0
configure:3315: result: 
configure:3337: checking whether we are cross compiling
configure:3345: gcc -o conftest    conftest.c  >&5
configure:3349: $? = 0
configure:3356: ./conftest
configure:3360: $? = 0
configure:3348: result: no
configure:3353: checking for suffix of object files
configure:3375: gcc -c   conftest.c >&5
configure:3379: $? = 0
configure:3400: result: o
configure:3404: checking whether we are using the GNU C compiler
configure:3423: gcc -c   conftest.c >&5
configure:3423: $? = 0
configure:3432: result: yes
configure:3441: checking whether gcc accepts -g
configure:3461: gcc -c -g  conftest.c >&5
configure:3461: $? = 0
configure:3502: result: yes
configure:3519: checking for gcc option to accept ISO C89
configure:3582: gcc  -c -g -O2  conftest.c >&5
configure:3582: $? = 0
configure:3595: result: none needed
configure:3620: checking whether gcc understands -c and -o together
configure:3642: gcc -c conftest.c -o conftest2.o
configure:3645: $? = 0
configure:3642: gcc -c conftest.c -o conftest2.o
configure:3645: $? = 0
configure:3657: result: yes
configure:3677: checking whether make supports the include directive
configure:3692: make -f confmf.GNU && cat confinc.out
this is the am__doit target
configure:3695: $? = 0
configure:3714: result: yes (GNU style)
configure:3739: checking dependency style of gcc
configure:3850: result: gcc3
configure:3894: checking build system type
configure:3908: result: x86_64-pc-linux-gnu
configure:3928: checking host system type
configure:3941: result: x86_64-pc-linux-gnu
configure:3982: checking how to print strings
configure:4009: result: printf
configure:4030: checking for a sed that does not truncate output
configure:4094: result: /usr/bin/sed
configure:4112: checking for grep that handles long lines and -e
configure:4170: result: /usr/bin/grep
configure:4175: checking for egrep
configure:4237: result: /usr/bin/grep -E
configure:4242: checking for fgrep
configure:4304: result: /usr/bin/grep -F
configure:4339: checking for ld used by gcc
configure:4406: result: /usr/bin/ld
configure:4413: checking if the linker (/usr/bin/ld) is GNU ld
configure:4428: result: yes
configure:4440: checking for BSD- or MS-compatible name lister (nm)
configure:4494: result: /usr/bin/nm -B
configure:4624: checking the name lister (/usr/bin/nm -B) interface
configure:4631: gcc -c -g -O2  conftest.c >&5
configure:4634: /usr/bin/nm -B "conftest.o"
configure:4637: output
0000000000000000 B some_variable
configure:4638: result: BSD nm
configure:4641: checking whether ln -s works
configure:4645: result: yes
configure:4653: checking the maximum length of command line arguments
configure:4784: result: 1572864
configure:4832: checking how to convert x86_64-pc-linux-gnu file names to x86_64-pc-linux-gnu format
configure:4872: result: func_convert_file_noop
configure:4879: checking how to convert x86_64-pc-linux-gnu file names to toolchain format
configure:4899: result: func_convert_file_noop
configure:4906: checking for /usr/bin/ld option to reload object files
configure:4913: result: -r
configure:4987: checking for objdump
configure:5003: found /usr/bin/objdump
configure:5014: result: objdump
configure:5046: checking how to recognize dependent libraries
configure:5246: result: pass_all
configure:5331: checking for dlltool
configure:5361: result: no
configure:5391: checking how to associate runtime and link libraries
configure:5418: result: printf %s\n
configure:5479: checking for ar
configure:5495: found /usr/bin/ar
configure:5506: result: ar
configure:5543: checking for archiver @FILE support
configure:5560: gcc -c -g -O2  conftest.c >&5
configure:5560: $? = 0
configure:5563: ar cr libconftest.a @conftest.lst >&5
configure:5566: $? = 0
configure:5571: ar cr libconftest.a @conftest.lst >&5
ar: conftest.o: No such file or directory
configure:5574: $? = 1
configure:5573: result: @
configure:5631: checking for strip
configure:5647: found /usr/bin/strip
configure:5658: result: strip
configure:5730: checking for ranlib
configure:5746: found /usr/bin/ranlib
configure:5757: result: ranlib
configure:5859: checking command to parse /usr/bin/nm -B output from gcc object
configure:6012: gcc -c -g -O2  conftest.c >&5
configure:6015: $? = 0
configure:6019: /usr/bin/nm -B conftest.o | sed -n -e 's/^.*[	 ]\([ABCDGIRSTW][ABCDGIRSTW]*\)[	 ][	 ]*\([_A-Za-z][_A-Za-z0-9]*\)$/\1 \2 \2/p' | sed '/ __gnu_lto/d' > conftest.nm
configure:6085: gcc -o conftest -g -O2   conftest.c conftstm.o >&5
configure:6088: $? = 0
configure:6126: result: ok
configure:6173: checking for sysroot
configure:6203: result: no
configure:6210: checking for a working dd
configure:6248: result: /usr/bin/dd
configure:6252: checking how to truncate binary pipes
configure:6267: result: /usr/bin/dd bs=4096 count=1
configure:6403: gcc -c -g -O2  conftest.c >&5
configure:6406: $? = 0
configure:6596: checking for mt
configure:6612: found /usr/bin/mt
configure:6623: result: mt
configure:6646: checking if mt is a manifest tool
configure:6652: mt '-?'
configure:6660: result: no
configure:7337: checking how to run the C preprocessor
configure:7368: gcc -E  conftest.c
configure:7368: $? = 0
configure:7382: gcc -E  conftest.c
conftest.c:11:10: fatal error: ac_nonexistent.h: No such file or directory
   11 | #include <ac_nonexistent.h>
      |          ^~~~~~~~~~~~~~~~~~
compilation terminated.
configure:7382: $? = 1
configure: failed program was:
| /* confdefs.h */
| #define PACKAGE_NAME "trisurf_ng"
| #define PACKAGE_TARNAME "trisurf_ng"
| #define PACKAGE_VERSION "1.0"
| #define PACKAGE_STRING "trisurf_ng 1.0"
| #define PACKAGE_BUGREPORT "samo.penic@fe.uni-lj.si"
| #define PACKAGE_URL ""
| #define PACKAGE "trisurf_ng"
| #define VERSION "1.0"
| /* end confdefs.h.  */
| #include <ac_nonexistent.h>
configure:7407: result: gcc -E
configure:7427: gcc -E  conftest.c
configure:7427: $? = 0
configure:7441: gcc -E  conftest.c
conftest.c:11:10: fatal error: ac_nonexistent.h: No such file or directory
   11 | #include <ac_nonexistent.h>
      |          ^~~~~~~~~~~~~~~~~~
compilation terminated.
configure:7441: $? = 1
configure: failed program was:
| /* confdefs.h */
| #define PACKAGE_NAME "trisurf_ng"
| #define PACKAGE_TARNAME "trisurf_ng"
| #define PACKAGE_VERSION "1.0"
| #define PACKAGE_STRING "trisurf_ng 1.0"
| #define PACKAGE_BUGREPORT "samo.penic@fe.uni-lj.si"
| #define PACKAGE_URL ""
| #define PACKAGE "trisurf_ng"
| #define VERSION "1.0"
| /* end confdefs.h.  */
| #include <ac_nonexistent.h>
configure:7470: checking for ANSI C header files
configure:7490: gcc -c -g -O2  conftest.c >&5
configure:7490: $? = 0
configure:7563: gcc -o conftest -g -O2   conftest.c  >&5
configure:7563: $? = 0
configure:7563: ./conftest
configure:7563: $? = 0
configure:7574: result: yes
configure:7587: checking for sys/types.h
configure:7587: gcc -c -g -O2  conftest.c >&5
configure:7587: $? = 0
configure:7587: result: yes
configure:7587: checking for sys/stat.h
configure:7587: gcc -c -g -O2  conftest.c >&5
configure:7587: $? = 0
configure:7587: result: yes
configure:7587: checking for stdlib.h
configure:7587: gcc -c -g -O2  conftest.c >&5
configure:7587: $? = 0
configure:7587: result: yes
configure:7587: checking for string.h
configure:7587: gcc -c -g -O2  conftest.c >&5
configure:7587: $? = 0
configure:7587: result: yes
configure:7587: checking for memory.h
configure:7587: gcc -c -g -O2  conftest.c >&5
configure:7587: $? = 0
configure:7587: result: yes
configure:7587: checking for strings.h
configure:7587: gcc -c -g -O2  conftest.c >&5
configure:7587: $? = 0
configure:7587: result: yes
configure:7587: checking for inttypes.h
configure:7587: gcc -c -g -O2  conftest.c >&5
configure:7587: $? = 0
configure:7587: result: yes
configure:7587: checking for stdint.h
configure:7587: gcc -c -g -O2  conftest.c >&5
configure:7587: $? = 0
configure:7587: result: yes
configure:7587: checking for unistd.h
configure:7587: gcc -c -g -O2  conftest.c >&5
configure:7587: $? = 0
configure:7587: result: yes
configure:7601: checking for dlfcn.h
configure:7601: gcc -c -g -O2  conftest.c >&5
configure:7601: $? = 0
configure:7601: result: yes
configure:7857: checking for objdir
configure:7872: result: .libs
configure:8132: checking if gcc supports -fno-rtti -fno-exceptions
configure:8150: gcc -c -g -O2  -fno-rtti -fno-exceptions conftest.c >&5
cc1: warning: command line option '-fno-rtti' is valid for C++/D/ObjC++ but not for C
configure:8154: $? = 0
configure:8167: result: no
configure:8531: checking for gcc option to produce PIC
configure:8538: result: -fPIC -DPIC
configure:8546: checking if gcc PIC flag -fPIC -DPIC works
configure:8564: gcc -c -g -O2  -fPIC -DPIC -DPIC conftest.c >&5
configure:8568: $? = 0
configure:8581: result: yes
configure:8610: checking if gcc static flag -static works
configure:8638: result: yes
configure:8653: checking if gcc supports -c -o file.o
configure:8674: gcc -c -g -O2  -o out/conftest2.o conftest.c >&5
configure:8678: $? = 0
configure:8700: result: yes
configure:8708: checking if gcc supports -c -o file.o
configure:8755: result: yes
configure:8788: checking whether the gcc linker (/usr/bin/ld -m elf_x86_64) supports shared libraries
configure:10051: result: yes
configure:10088: checking whether -lc should be explicitly linked in
configure:10096: gcc -c -g -O2  conftest.c >&5
configure:10099: $? = 0
configure:10114: gcc -shared  -fPIC -DPIC conftest.o  -v -Wl,-soname -Wl,conftest -o conftest 2\>\&1 \| /usr/bin/grep  -lc  \>/dev/null 2\>\&1
configure:10117: $? = 0
configure:10131: result: no
configure:10291: checking dynamic linker characteristics
configure:10872: gcc -o conftest -g -O2   -Wl,-rpath -Wl,/foo conftest.c  >&5
configure:10872: $? = 0
configure:11121: result: GNU/Linux ld.so
configure:11243: checking how to hardcode library paths into programs
configure:11268: result: immediate
configure:11816: checking whether stripping libraries is possible
configure:11821: result: yes
configure:11856: checking if libtool supports shared libraries
configure:11858: result: yes
configure:11861: checking whether to build shared libraries
configure:11886: result: yes
configure:11889: checking whether to build static libraries
configure:11893: result: yes
configure:8709: checking for cfg_parse in -lconfuse
configure:8734: gcc -o conftest -g -O2   conftest.c -lconfuse   >&5
configure:8734: $? = 0
configure:8743: result: yes
configure:8755: checking for pow in -lm
configure:8780: gcc -o conftest -g -O2   conftest.c -lm  -lconfuse  >&5
conftest.c:31:6: warning: conflicting types for built-in function 'pow'; expected 'double(double,  double)' [-Wbuiltin-declaration-mismatch]
   31 | char pow ();
      |      ^~~
conftest.c:1:1: note: 'pow' is declared in header '<math.h>'
    1 | /* confdefs.h */
configure:8780: $? = 0
configure:8789: result: yes
configure:8801: checking for cblas_dgemm in -lgslcblas
configure:8826: gcc -o conftest -g -O2   conftest.c -lgslcblas  -lm -lconfuse  >&5
configure:8826: $? = 0
configure:8835: result: yes
configure:8846: checking for gsl_blas_dgemm in -lgsl
configure:8871: gcc -o conftest -g -O2   conftest.c -lgsl  -lgslcblas -lm -lconfuse  >&5
configure:8871: $? = 0
configure:8880: result: yes
configure:8946: checking for pkg-config
configure:8964: found /usr/bin/pkg-config
configure:8976: result: /usr/bin/pkg-config
configure:9001: checking pkg-config is at least version 0.9.0
configure:9004: result: yes
configure:9014: checking for libxml2
configure:9021: $PKG_CONFIG --exists --print-errors "libxml-2.0"
configure:9024: $? = 0
configure:9038: $PKG_CONFIG --exists --print-errors "libxml-2.0"
configure:9041: $? = 0
configure:9099: result: yes
configure:9103: checking for deflate in -lz
configure:9128: gcc -o conftest -g -O2   conftest.c -lz  -lgsl -lgslcblas -lm -lconfuse  >&5
configure:9128: $? = 0
configure:9137: result: yes
configure:9153: checking for stdlib.h
configure:9153: result: yes
configure:9153: checking for string.h
configure:9153: result: yes
configure:9165: checking for inline
configure:9181: gcc -c -g -O2  conftest.c >&5
configure:9181: $? = 0
configure:9189: result: inline
configure:9208: checking whether to enable debugging
configure:9224: result: no
configure:9235: checking for stdlib.h
configure:9235: result: yes
configure:9245: checking for GNU libc compatible malloc
configure:9269: gcc -o conftest -O3 -ffast-math   conftest.c -lz -lgsl -lgslcblas -lm -lconfuse  >&5
configure:9269: $? = 0
configure:9269: ./conftest
configure:9269: $? = 0
configure:9279: result: yes
configure:9302: checking for stdlib.h
configure:9302: result: yes
configure:9312: checking for GNU libc compatible realloc
configure:9336: gcc -o conftest -O3 -ffast-math   conftest.c -lz -lgsl -lgslcblas -lm -lconfuse  >&5
configure:9336: $? = 0
configure:9336: ./conftest
configure:9336: $? = 0
configure:9346: result: yes
configure:9370: checking for pow
configure:9370: gcc -o conftest -O3 -ffast-math   conftest.c -lz -lgsl -lgslcblas -lm -lconfuse  >&5
conftest.c:57:6: warning: conflicting types for built-in function 'pow'; expected 'double(double,  double)' [-Wbuiltin-declaration-mismatch]
   57 | char pow ();
      |      ^~~
conftest.c:45:1: note: 'pow' is declared in header '<math.h>'
   44 | # include <limits.h>
   45 | #else
configure:9370: $? = 0
configure:9370: result: yes
configure:9370: checking for sqrt
configure:9370: gcc -o conftest -O3 -ffast-math   conftest.c -lz -lgsl -lgslcblas -lm -lconfuse  >&5
conftest.c:58:6: warning: conflicting types for built-in function 'sqrt'; expected 'double(double)' [-Wbuiltin-declaration-mismatch]
   58 | char sqrt ();
      |      ^~~~
conftest.c:46:1: note: 'sqrt' is declared in header '<math.h>'
   45 | # include <limits.h>
   46 | #else
configure:9370: $? = 0
configure:9370: result: yes
configure:9370: checking for strndup
configure:9370: gcc -o conftest -O3 -ffast-math   conftest.c -lz -lgsl -lgslcblas -lm -lconfuse  >&5
conftest.c:59:6: warning: conflicting types for built-in function 'strndup'; expected 'char *(const char *, long unsigned int)' [-Wbuiltin-declaration-mismatch]
   59 | char strndup ();
      |      ^~~~~~~
configure:9370: $? = 0
configure:9370: result: yes
configure:9483: checking that generated files are newer than configure
configure:9489: result: done
configure:9512: creating ./config.status

## ---------------------- ##
## Running config.status. ##
## ---------------------- ##

This file was extended by trisurf_ng config.status 1.0, which was
generated by GNU Autoconf 2.69.  Invocation command line was

  CONFIG_FILES    = 
  CONFIG_HEADERS  = 
  CONFIG_LINKS    = 
  CONFIG_COMMANDS = 
  $ ./config.status 

on DESKTOP-QFMID6V

config.status:1100: creating Makefile
config.status:1100: creating src/Makefile
config.status:1100: creating config.h
config.status:1329: executing depfiles commands
config.status:1406: cd src       && sed -e '/# am--include-marker/d' Makefile         | make -f - am--depfiles
config.status:1411: $? = 0
config.status:1329: executing libtool commands

## ---------------- ##
## Cache variables. ##
## ---------------- ##

ac_cv_build=x86_64-pc-linux-gnu
ac_cv_c_compiler_gnu=yes
ac_cv_c_inline=inline
ac_cv_env_CC_set=
ac_cv_env_CC_value=
ac_cv_env_CFLAGS_set=
ac_cv_env_CFLAGS_value=
ac_cv_env_CPPFLAGS_set=
ac_cv_env_CPPFLAGS_value=
ac_cv_env_CPP_set=
ac_cv_env_CPP_value=
ac_cv_env_LDFLAGS_set=
ac_cv_env_LDFLAGS_value=
ac_cv_env_LIBS_set=
ac_cv_env_LIBS_value=
ac_cv_env_LT_SYS_LIBRARY_PATH_set=
ac_cv_env_LT_SYS_LIBRARY_PATH_value=
ac_cv_env_PKG_CONFIG_LIBDIR_set=
ac_cv_env_PKG_CONFIG_LIBDIR_value=
ac_cv_env_PKG_CONFIG_PATH_set=
ac_cv_env_PKG_CONFIG_PATH_value=
ac_cv_env_PKG_CONFIG_set=
ac_cv_env_PKG_CONFIG_value=
ac_cv_env_build_alias_set=
ac_cv_env_build_alias_value=
ac_cv_env_host_alias_set=
ac_cv_env_host_alias_value=
ac_cv_env_libxml2_CFLAGS_set=
ac_cv_env_libxml2_CFLAGS_value=
ac_cv_env_libxml2_LIBS_set=
ac_cv_env_libxml2_LIBS_value=
ac_cv_env_target_alias_set=
ac_cv_env_target_alias_value=
ac_cv_func_malloc_0_nonnull=yes
ac_cv_func_pow=yes
ac_cv_func_realloc_0_nonnull=yes
ac_cv_func_sqrt=yes
ac_cv_func_strndup=yes
ac_cv_header_dlfcn_h=yes
ac_cv_header_inttypes_h=yes
ac_cv_header_memory_h=yes
ac_cv_header_stdc=yes
ac_cv_header_stdint_h=yes
ac_cv_header_stdlib_h=yes
ac_cv_header_string_h=yes
ac_cv_header_strings_h=yes
ac_cv_header_sys_stat_h=yes
ac_cv_header_sys_types_h=yes
ac_cv_header_unistd_h=yes
ac_cv_host=x86_64-pc-linux-gnu
ac_cv_lib_confuse_cfg_parse=yes
ac_cv_lib_gsl_gsl_blas_dgemm=yes
ac_cv_lib_gslcblas_cblas_dgemm=yes
ac_cv_lib_m_pow=yes
ac_cv_lib_z_deflate=yes
ac_cv_objext=o
ac_cv_path_EGREP='/usr/bin/grep -E'
ac_cv_path_FGREP='/usr/bin/grep -F'
ac_cv_path_GREP=/usr/bin/grep
ac_cv_path_SED=/usr/bin/sed
ac_cv_path_ac_pt_PKG_CONFIG=/usr/bin/pkg-config
ac_cv_path_install='/usr/bin/install -c'
ac_cv_path_lt_DD=/usr/bin/dd
ac_cv_path_mkdir=/usr/bin/mkdir
ac_cv_prog_AWK=gawk
ac_cv_prog_CPP='gcc -E'
ac_cv_prog_ac_ct_AR=ar
ac_cv_prog_ac_ct_CC=gcc
ac_cv_prog_ac_ct_MANIFEST_TOOL=mt
ac_cv_prog_ac_ct_OBJDUMP=objdump
ac_cv_prog_ac_ct_RANLIB=ranlib
ac_cv_prog_ac_ct_STRIP=strip
ac_cv_prog_cc_c89=
ac_cv_prog_cc_g=yes
ac_cv_prog_make_make_set=yes
am_cv_CC_dependencies_compiler_type=gcc3
am_cv_make_support_nested_variables=yes
am_cv_prog_cc_c_o=yes
lt_cv_ar_at_file=@
lt_cv_archive_cmds_need_lc=no
lt_cv_deplibs_check_method=pass_all
lt_cv_file_magic_cmd='$MAGIC_CMD'
lt_cv_file_magic_test_file=
lt_cv_ld_reload_flag=-r
lt_cv_nm_interface='BSD nm'
lt_cv_objdir=.libs
lt_cv_path_LD=/usr/bin/ld
lt_cv_path_NM='/usr/bin/nm -B'
lt_cv_path_mainfest_tool=no
lt_cv_prog_compiler_c_o=yes
lt_cv_prog_compiler_pic='-fPIC -DPIC'
lt_cv_prog_compiler_pic_works=yes
lt_cv_prog_compiler_rtti_exceptions=no
lt_cv_prog_compiler_static_works=yes
lt_cv_prog_gnu_ld=yes
lt_cv_sharedlib_from_linklib_cmd='printf %s\n'
lt_cv_shlibpath_overrides_runpath=yes
lt_cv_sys_global_symbol_pipe='sed -n -e '\''s/^.*[	 ]\([ABCDGIRSTW][ABCDGIRSTW]*\)[	 ][	 ]*\([_A-Za-z][_A-Za-z0-9]*\)$/\1 \2 \2/p'\'' | sed '\''/ __gnu_lto/d'\'''
lt_cv_sys_global_symbol_to_c_name_address='sed -n -e '\''s/^: \(.*\) .*$/  {"\1", (void *) 0},/p'\'' -e '\''s/^[ABCDGIRSTW][ABCDGIRSTW]* .* \(.*\)$/  {"\1", (void *) \&\1},/p'\'''
lt_cv_sys_global_symbol_to_c_name_address_lib_prefix='sed -n -e '\''s/^: \(.*\) .*$/  {"\1", (void *) 0},/p'\'' -e '\''s/^[ABCDGIRSTW][ABCDGIRSTW]* .* \(lib.*\)$/  {"\1", (void *) \&\1},/p'\'' -e '\''s/^[ABCDGIRSTW][ABCDGIRSTW]* .* \(.*\)$/  {"lib\1", (void *) \&\1},/p'\'''
lt_cv_sys_global_symbol_to_cdecl='sed -n -e '\''s/^T .* \(.*\)$/extern int \1();/p'\'' -e '\''s/^[ABCDGIRSTW][ABCDGIRSTW]* .* \(.*\)$/extern char \1;/p'\'''
lt_cv_sys_global_symbol_to_import=
lt_cv_sys_max_cmd_len=1572864
lt_cv_to_host_file_cmd=func_convert_file_noop
lt_cv_to_tool_file_cmd=func_convert_file_noop
lt_cv_truncate_bin='/usr/bin/dd bs=4096 count=1'
pkg_cv_libxml2_CFLAGS=-I/usr/include/libxml2
pkg_cv_libxml2_LIBS=-lxml2

## ----------------- ##
## Output variables. ##
## ----------------- ##

ACLOCAL='${SHELL} /opt/workspace/msc_project/project_trisurf/trisurf-ng/missing aclocal-1.16'
AMDEPBACKSLASH='\'
AMDEP_FALSE='#'
AMDEP_TRUE=''
AMTAR='$${TAR-tar}'
AM_BACKSLASH='\'
AM_DEFAULT_V='$(AM_DEFAULT_VERBOSITY)'
AM_DEFAULT_VERBOSITY='1'
AM_V='$(V)'
AR='ar'
AUTOCONF='${SHELL} /opt/workspace/msc_project/project_trisurf/trisurf-ng/missing autoconf'
AUTOHEADER='${SHELL} /opt/workspace/msc_project/project_trisurf/trisurf-ng/missing autoheader'
AUTOMAKE='${SHELL} /opt/workspace/msc_project/project_trisurf/trisurf-ng/missing automake-1.16'
AWK='gawk'
CC='gcc'
CCDEPMODE='depmode=gcc3'
CFLAGS='-O3 -ffast-math'
CPP='gcc -E'
CPPFLAGS=''
CYGPATH_W='echo'
DEFS='-DHAVE_CONFIG_H'
DEPDIR='.deps'
DLLTOOL='false'
DSYMUTIL=''
DUMPBIN=''
ECHO_C=''
ECHO_N='-n'
ECHO_T=''
EGREP='/usr/bin/grep -E'
EXEEXT=''
FGREP='/usr/bin/grep -F'
GREP='/usr/bin/grep'
INSTALL_DATA='${INSTALL} -m 644'
INSTALL_PROGRAM='${INSTALL}'
INSTALL_SCRIPT='${INSTALL}'
INSTALL_STRIP_PROGRAM='$(install_sh) -c -s'
LD='/usr/bin/ld -m elf_x86_64'
LDFLAGS=''
LIBOBJS=''
LIBS='-lz -lgsl -lgslcblas -lm -lconfuse '
LIBTOOL='$(SHELL) $(top_builddir)/libtool'
LIPO=''
LN_S='ln -s'
LTLIBOBJS=''
LT_SYS_LIBRARY_PATH=''
MAKEINFO='${SHELL} /opt/workspace/msc_project/project_trisurf/trisurf-ng/missing makeinfo'
MANIFEST_TOOL=':'
MKDIR_P='/usr/bin/mkdir -p'
NM='/usr/bin/nm -B'
NMEDIT=''
OBJDUMP='objdump'
OBJEXT='o'
OTOOL64=''
OTOOL=''
PACKAGE='trisurf_ng'
PACKAGE_BUGREPORT='samo.penic@fe.uni-lj.si'
PACKAGE_NAME='trisurf_ng'
PACKAGE_STRING='trisurf_ng 1.0'
PACKAGE_TARNAME='trisurf_ng'
PACKAGE_URL=''
PACKAGE_VERSION='1.0'
PATH_SEPARATOR=':'
PKG_CONFIG='/usr/bin/pkg-config'
PKG_CONFIG_LIBDIR=''
PKG_CONFIG_PATH=''
RANLIB='ranlib'
SED='/usr/bin/sed'
SET_MAKE=''
SHELL='/bin/bash'
STRIP='strip'
VERSION='1.0'
ac_ct_AR='ar'
ac_ct_CC='gcc'
ac_ct_DUMPBIN=''
am__EXEEXT_FALSE=''
am__EXEEXT_TRUE='#'
am__fastdepCC_FALSE='#'
am__fastdepCC_TRUE=''
am__include='include'
am__isrc=''
am__leading_dot='.'
am__nodep='_no'
am__quote=''
am__tar='$${TAR-tar} chof - "$$tardir"'
am__untar='$${TAR-tar} xf -'
bindir='${exec_prefix}/bin'
build='x86_64-pc-linux-gnu'
build_alias=''
build_cpu='x86_64'
build_os='linux-gnu'
build_vendor='pc'
datadir='${datarootdir}'
datarootdir='${prefix}/share'
docdir='${datarootdir}/doc/${PACKAGE_TARNAME}'
dvidir='${docdir}'
exec_prefix='${prefix}'
host='x86_64-pc-linux-gnu'
host_alias=''
host_cpu='x86_64'
host_os='linux-gnu'
host_vendor='pc'
htmldir='${docdir}'
includedir='${prefix}/include'
infodir='${datarootdir}/info'
install_sh='${SHELL} /opt/workspace/msc_project/project_trisurf/trisurf-ng/install-sh'
libdir='${exec_prefix}/lib'
libexecdir='${exec_prefix}/libexec'
libxml2_CFLAGS='-I/usr/include/libxml2'
libxml2_LIBS='-lxml2'
localedir='${datarootdir}/locale'
localstatedir='${prefix}/var'
mandir='${datarootdir}/man'
mkdir_p='$(MKDIR_P)'
oldincludedir='/usr/include'
pdfdir='${docdir}'
prefix='/usr/local'
program_transform_name='s,x,x,'
psdir='${docdir}'
runstatedir='${localstatedir}/run'
sbindir='${exec_prefix}/sbin'
sharedstatedir='${prefix}/com'
sysconfdir='${prefix}/etc'
target_alias=''

## ----------- ##
## confdefs.h. ##
## ----------- ##

/* confdefs.h */
#define PACKAGE_NAME "trisurf_ng"
#define PACKAGE_TARNAME "trisurf_ng"
#define PACKAGE_VERSION "1.0"
#define PACKAGE_STRING "trisurf_ng 1.0"
#define PACKAGE_BUGREPORT "samo.penic@fe.uni-lj.si"
#define PACKAGE_URL ""
#define PACKAGE "trisurf_ng"
#define VERSION "1.0"
#define STDC_HEADERS 1
#define HAVE_SYS_TYPES_H 1
#define HAVE_SYS_STAT_H 1
#define HAVE_STDLIB_H 1
#define HAVE_STRING_H 1
#define HAVE_MEMORY_H 1
#define HAVE_STRINGS_H 1
#define HAVE_INTTYPES_H 1
#define HAVE_STDINT_H 1
#define HAVE_UNISTD_H 1
#define HAVE_DLFCN_H 1
#define LT_OBJDIR ".libs/"
#define HAVE_LIBCONFUSE 1
#define HAVE_LIBM 1
#define HAVE_LIBGSLCBLAS 1
#define HAVE_LIBGSL 1
#define HAVE_LIBZ 1
#define HAVE_STDLIB_H 1
#define HAVE_STRING_H 1
#define HAVE_STDLIB_H 1
#define HAVE_MALLOC 1
#define HAVE_STDLIB_H 1
#define HAVE_REALLOC 1
#define HAVE_POW 1
#define HAVE_SQRT 1
#define HAVE_STRNDUP 1

configure: exit 0
